<?xml version="1.0" encoding="UTF-8"?>
<!-- Generated by org.testng.reporters.JUnitReportReporter -->
<testsuite hostname="Roman" name="test.MathTests.AreaTest" tests="1" failures="0" timestamp="10 Mar 2016 17:49:37 GMT" time="0.008" errors="0">
  <testcase name="testArea" time="0.008" classname="test.MathTests.AreaTest"/>
</testsuite> <!-- test.MathTests.AreaTest -->
