<?xml version="1.0" encoding="UTF-8"?>
<!-- Generated by org.testng.reporters.JUnitReportReporter -->
<testsuite hostname="Roman" name="test.MathTests.SubtractTest" tests="1" failures="0" timestamp="10 Mar 2016 17:49:37 GMT" time="0.000" errors="0">
  <testcase name="testSubtraction" time="0.000" classname="test.MathTests.SubtractTest"/>
</testsuite> <!-- test.MathTests.SubtractTest -->
