<?xml version="1.0" encoding="UTF-8"?>
<!-- Generated by org.testng.reporters.JUnitReportReporter -->
<testsuite hostname="Roman" name="test.MathTests.PerimeterTest" tests="1" failures="0" timestamp="9 Mar 2016 17:14:20 GMT" time="0.001" errors="0">
  <testcase name="testPerimeter" time="0.001" classname="test.MathTests.PerimeterTest"/>
</testsuite> <!-- test.MathTests.PerimeterTest -->
