<?xml version="1.0" encoding="UTF-8"?>
<!-- Generated by org.testng.reporters.JUnitReportReporter -->
<testsuite hostname="Roman" name="test.MathTests.TestExponents" tests="1" failures="0" timestamp="10 Mar 2016 17:49:37 GMT" time="0.001" errors="0">
  <testcase name="testExponents" time="0.001" classname="test.MathTests.TestExponents"/>
</testsuite> <!-- test.MathTests.TestExponents -->
