<?xml version="1.0" encoding="UTF-8"?>
<!-- Generated by org.testng.reporters.JUnitReportReporter -->
<testsuite hostname="Roman" name="test.person.TestPerson" tests="1" failures="0" timestamp="9 Mar 2016 06:18:56 GMT" time="0.001" errors="0">
  <testcase name="hello" time="0.001" classname="test.person.TestPerson"/>
</testsuite> <!-- test.person.TestPerson -->
