<?xml version="1.0" encoding="UTF-8"?>
<!-- Generated by org.testng.reporters.JUnitReportReporter -->
<testsuite hostname="Roman" name="AnimalListTest" tests="1" failures="0" timestamp="10 Mar 2016 17:49:41 GMT" time="0.012" errors="0">
  <testcase name="testAnimalList" time="0.012" classname="AnimalListTest"/>
</testsuite> <!-- AnimalListTest -->
