<?xml version="1.0" encoding="UTF-8"?>
<!-- Generated by org.testng.reporters.JUnitReportReporter -->
<testsuite hostname="Roman" name="AnimalSetTest" tests="1" failures="0" timestamp="9 Mar 2016 18:51:09 GMT" time="0.000" errors="0">
  <testcase name="testAnimalSet" time="0.000" classname="AnimalSetTest"/>
</testsuite> <!-- AnimalSetTest -->
