<?xml version="1.0" encoding="UTF-8"?>
<!-- Generated by org.testng.reporters.JUnitReportReporter -->
<testsuite hostname="Roman" name="AnimalSetTest" tests="1" failures="0" timestamp="10 Mar 2016 17:49:41 GMT" time="0.003" errors="0">
  <testcase name="testAnimalSet" time="0.003" classname="AnimalSetTest"/>
</testsuite> <!-- AnimalSetTest -->
