<?xml version="1.0" encoding="UTF-8"?>
<!-- Generated by org.testng.reporters.JUnitReportReporter -->
<testsuite hostname="Roman" name="AnimalMapTest" tests="1" failures="0" timestamp="9 Mar 2016 07:06:27 GMT" time="0.002" errors="0">
  <testcase name="testAnimalMap" time="0.002" classname="AnimalMapTest"/>
</testsuite> <!-- AnimalMapTest -->
