<?xml version="1.0" encoding="UTF-8"?>
<!-- Generated by org.testng.reporters.JUnitReportReporter -->
<testsuite hostname="Roman" name="AnimalMapTest" tests="1" failures="0" timestamp="10 Mar 2016 17:49:41 GMT" time="0.001" errors="0">
  <testcase name="testAnimalMap" time="0.001" classname="AnimalMapTest"/>
</testsuite> <!-- AnimalMapTest -->
