<?xml version="1.0" encoding="UTF-8"?>
<!-- Generated by org.testng.reporters.JUnitReportReporter -->
<testsuite hostname="Roman" name="AnimalListTest" tests="1" failures="0" timestamp="9 Mar 2016 18:51:09 GMT" time="0.023" errors="0">
  <testcase name="testAnimalList" time="0.023" classname="AnimalListTest"/>
</testsuite> <!-- AnimalListTest -->
