<?xml version="1.0" encoding="UTF-8"?>
<!-- Generated by org.testng.reporters.JUnitReportReporter -->
<testsuite hostname="Roman" name="PersonTest" tests="1" failures="0" timestamp="9 Mar 2016 07:06:25 GMT" time="0.009" errors="0">
  <testcase name="testPerson" time="0.009" classname="PersonTest"/>
</testsuite> <!-- PersonTest -->
